# JRE version: OpenJDK Runtime Environment (8.0_152-b01) (build 1.8.0_152-release-1343-b01)
# Java VM: OpenJDK 64-Bit Server VM (25.152-b01 mixed mode bsd-amd64 compressed oops)
Heap:
 PSYoungGen      total 427520K, used 156352K [0x00000007a0000000, 0x00000007bf300000, 0x00000007c0000000)
  eden space 344576K, 40% used [0x00000007a0000000,0x00000007a89d1968,0x00000007b5080000)
  from space 82944K, 18% used [0x00000007b5080000,0x00000007b5f5e720,0x00000007ba180000)
  to   space 78848K, 0% used [0x00000007ba600000,0x00000007ba600000,0x00000007bf300000)
 ParOldGen       total 207360K, used 179412K [0x0000000760000000, 0x000000076ca80000, 0x00000007a0000000)
  object space 207360K, 86% used [0x0000000760000000,0x000000076af35100,0x000000076ca80000)
 Metaspace       used 261733K, capacity 271770K, committed 272024K, reserved 1292288K
  class space    used 27438K, capacity 29057K, committed 29096K, reserved 1048576K
GC Heap History (10 events):
Event: 31566.348 GC heap before
{Heap before GC invocations=123 (full 6):
 PSYoungGen      total 419840K, used 396437K [0x00000007a0000000, 0x00000007c0000000, 0x00000007c0000000)
  eden space 330752K, 100% used [0x00000007a0000000,0x00000007b4300000,0x00000007b4300000)
  from space 89088K, 73% used [0x00000007ba280000,0x00000007be2a56e0,0x00000007bf980000)
  to   space 96768K, 0% used [0x00000007b4300000,0x00000007b4300000,0x00000007ba180000)
 ParOldGen       total 207360K, used 178251K [0x0000000760000000, 0x000000076ca80000, 0x00000007a0000000)
  object space 207360K, 85% used [0x0000000760000000,0x000000076ae12e30,0x000000076ca80000)
 Metaspace       used 251970K, capacity 261968K, committed 262168K, reserved 1284096K
  class space    used 26541K, capacity 28127K, committed 28200K, reserved 1048576K
Event: 31566.432 GC heap after
Heap after GC invocations=123 (full 6):
 PSYoungGen      total 427520K, used 12143K [0x00000007a0000000, 0x00000007c0000000, 0x00000007c0000000)
  eden space 330752K, 0% used [0x00000007a0000000,0x00000007a0000000,0x00000007b4300000)
  from space 96768K, 12% used [0x00000007b4300000,0x00000007b4edbd88,0x00000007ba180000)
  to   space 93696K, 0% used [0x00000007ba480000,0x00000007ba480000,0x00000007c0000000)
 ParOldGen       total 207360K, used 178537K [0x0000000760000000, 0x000000076ca80000, 0x00000007a0000000)
  object space 207360K, 86% used [0x0000000760000000,0x000000076ae5a480,0x000000076ca80000)
 Metaspace       used 251970K, capacity 261968K, committed 262168K, reserved 1284096K
  class space    used 26541K, capacity 28127K, committed 28200K, reserved 1048576K
}
Event: 31721.436 GC heap before
{Heap before GC invocations=124 (full 6):
 PSYoungGen      total 427520K, used 342895K [0x00000007a0000000, 0x00000007c0000000, 0x00000007c0000000)
  eden space 330752K, 100% used [0x00000007a0000000,0x00000007b4300000,0x00000007b4300000)
  from space 96768K, 12% used [0x00000007b4300000,0x00000007b4edbd88,0x00000007ba180000)
  to   space 93696K, 0% used [0x00000007ba480000,0x00000007ba480000,0x00000007c0000000)
 ParOldGen       total 207360K, used 178537K [0x0000000760000000, 0x000000076ca80000, 0x00000007a0000000)
  object space 207360K, 86% used [0x0000000760000000,0x000000076ae5a480,0x000000076ca80000)
 Metaspace       used 254357K, capacity 264384K, committed 264728K, reserved 1286144K
  class space    used 26764K, capacity 28359K, committed 28456K, reserved 1048576K
Event: 31721.631 GC heap after
Heap after GC invocations=124 (full 6):
 PSYoungGen      total 417280K, used 13834K [0x00000007a0000000, 0x00000007bf600000, 0x00000007c0000000)
  eden space 333824K, 0% used [0x00000007a0000000,0x00000007a0000000,0x00000007b4600000)
  from space 83456K, 16% used [0x00000007ba480000,0x00000007bb2028e0,0x00000007bf600000)
  to   space 90112K, 0% used [0x00000007b4600000,0x00000007b4600000,0x00000007b9e00000)
 ParOldGen       total 207360K, used 178822K [0x0000000760000000, 0x000000076ca80000, 0x00000007a0000000)
  object space 207360K, 86% used [0x0000000760000000,0x000000076aea18b0,0x000000076ca80000)
 Metaspace       used 254357K, capacity 264384K, committed 264728K, reserved 1286144K
  class space    used 26764K, capacity 28359K, committed 28456K, reserved 1048576K
}
Event: 32079.703 GC heap before
{Heap before GC invocations=125 (full 6):
 PSYoungGen      total 417280K, used 347658K [0x00000007a0000000, 0x00000007bf600000, 0x00000007c0000000)
  eden space 333824K, 100% used [0x00000007a0000000,0x00000007b4600000,0x00000007b4600000)
  from space 83456K, 16% used [0x00000007ba480000,0x00000007bb2028e0,0x00000007bf600000)
  to   space 90112K, 0% used [0x00000007b4600000,0x00000007b4600000,0x00000007b9e00000)
 ParOldGen       total 207360K, used 178822K [0x0000000760000000, 0x000000076ca80000, 0x00000007a0000000)
  object space 207360K, 86% used [0x0000000760000000,0x000000076aea18b0,0x000000076ca80000)
 Metaspace       used 256740K, capacity 266800K, committed 267032K, reserved 1288192K
  class space    used 26988K, capacity 28591K, committed 28712K, reserved 1048576K
Event: 32079.813 GC heap after
Heap after GC invocations=125 (full 6):
 PSYoungGen      total 423936K, used 14029K [0x00000007a0000000, 0x00000007bf980000, 0x00000007c0000000)
  eden space 333824K, 0% used [0x00000007a0000000,0x00000007a0000000,0x00000007b4600000)
  from space 90112K, 15% used [0x00000007b4600000,0x00000007b53b3598,0x00000007b9e00000)
  to   space 86528K, 0% used [0x00000007ba500000,0x00000007ba500000,0x00000007bf980000)
 ParOldGen       total 207360K, used 179099K [0x0000000760000000, 0x000000076ca80000, 0x00000007a0000000)
  object space 207360K, 86% used [0x0000000760000000,0x000000076aee6ce0,0x000000076ca80000)
 Metaspace       used 256740K, capacity 266800K, committed 267032K, reserved 1288192K
  class space    used 26988K, capacity 28591K, committed 28712K, reserved 1048576K
}
Event: 32110.575 GC heap before
{Heap before GC invocations=126 (full 6):
 PSYoungGen      total 423936K, used 347853K [0x00000007a0000000, 0x00000007bf980000, 0x00000007c0000000)
  eden space 333824K, 100% used [0x00000007a0000000,0x00000007b4600000,0x00000007b4600000)
  from space 90112K, 15% used [0x00000007b4600000,0x00000007b53b3598,0x00000007b9e00000)
  to   space 86528K, 0% used [0x00000007ba500000,0x00000007ba500000,0x00000007bf980000)
 ParOldGen       total 207360K, used 179099K [0x0000000760000000, 0x000000076ca80000, 0x00000007a0000000)
  object space 207360K, 86% used [0x0000000760000000,0x000000076aee6ce0,0x000000076ca80000)
 Metaspace       used 259118K, capacity 269216K, committed 269592K, reserved 1290240K
  class space    used 27212K, capacity 28823K, committed 28968K, reserved 1048576K
Event: 32110.631 GC heap after
Heap after GC invocations=126 (full 6):
 PSYoungGen      total 423936K, used 14254K [0x00000007a0000000, 0x00000007bf280000, 0x00000007c0000000)
  eden space 344576K, 0% used [0x00000007a0000000,0x00000007a0000000,0x00000007b5080000)
  from space 79360K, 17% used [0x00000007ba500000,0x00000007bb2ebaa8,0x00000007bf280000)
  to   space 82944K, 0% used [0x00000007b5080000,0x00000007b5080000,0x00000007ba180000)
 ParOldGen       total 207360K, used 179195K [0x0000000760000000, 0x000000076ca80000, 0x00000007a0000000)
  object space 207360K, 86% used [0x0000000760000000,0x000000076aefece0,0x000000076ca80000)
 Metaspace       used 259118K, capacity 269216K, committed 269592K, reserved 1290240K
  class space    used 27212K, capacity 28823K, committed 28968K, reserved 1048576K
}
Event: 37157.837 GC heap before
{Heap before GC invocations=127 (full 6):
 PSYoungGen      total 423936K, used 358830K [0x00000007a0000000, 0x00000007bf280000, 0x00000007c0000000)
  eden space 344576K, 100% used [0x00000007a0000000,0x00000007b5080000,0x00000007b5080000)
  from space 79360K, 17% used [0x00000007ba500000,0x00000007bb2ebaa8,0x00000007bf280000)
  to   space 82944K, 0% used [0x00000007b5080000,0x00000007b5080000,0x00000007ba180000)
 ParOldGen       total 207360K, used 179195K [0x0000000760000000, 0x000000076ca80000, 0x00000007a0000000)
  object space 207360K, 86% used [0x0000000760000000,0x000000076aefece0,0x000000076ca80000)
 Metaspace       used 261686K, capacity 271696K, committed 272024K, reserved 1292288K
  class space    used 27436K, capacity 29055K, committed 29096K, reserved 1048576K
Event: 37158.125 GC heap after
Heap after GC invocations=127 (full 6):
 PSYoungGen      total 427520K, used 15225K [0x00000007a0000000, 0x00000007bf300000, 0x00000007c0000000)
  eden space 344576K, 0% used [0x00000007a0000000,0x00000007a0000000,0x00000007b5080000)
  from space 82944K, 18% used [0x00000007b5080000,0x00000007b5f5e720,0x00000007ba180000)
  to   space 78848K, 0% used [0x00000007ba600000,0x00000007ba600000,0x00000007bf300000)
 ParOldGen       total 207360K, used 179412K [0x0000000760000000, 0x000000076ca80000, 0x00000007a0000000)
  object space 207360K, 86% used [0x0000000760000000,0x000000076af35100,0x000000076ca80000)
 Metaspace       used 261686K, capacity 271696K, committed 272024K, reserved 1292288K
  class space    used 27436K, capacity 29055K, committed 29096K, reserved 1048576K
}

