# JRE version: OpenJDK Runtime Environment (8.0_152-b01) (build 1.8.0_152-release-1343-b01)
# Java VM: OpenJDK 64-Bit Server VM (25.152-b01 mixed mode bsd-amd64 compressed oops)
Heap:
 PSYoungGen      total 421888K, used 60390K [0x00000007a0000000, 0x00000007bf900000, 0x00000007c0000000)
  eden space 330240K, 14% used [0x00000007a0000000,0x00000007a2f0ef28,0x00000007b4280000)
  from space 91648K, 13% used [0x00000007b4280000,0x00000007b4e6a9f8,0x00000007b9c00000)
  to   space 87040K, 0% used [0x00000007ba400000,0x00000007ba400000,0x00000007bf900000)
 ParOldGen       total 339968K, used 278688K [0x0000000760000000, 0x0000000774c00000, 0x00000007a0000000)
  object space 339968K, 81% used [0x0000000760000000,0x0000000771028108,0x0000000774c00000)
 Metaspace       used 186042K, capacity 195088K, committed 196760K, reserved 1222656K
  class space    used 20838K, capacity 22593K, committed 22936K, reserved 1048576K
GC Heap History (10 events):
Event: 23835.274 GC heap before
{Heap before GC invocations=113 (full 6):
 PSYoungGen      total 398848K, used 298400K [0x00000007a0000000, 0x00000007bf700000, 0x00000007c0000000)
  eden space 294912K, 100% used [0x00000007a0000000,0x00000007b2000000,0x00000007b2000000)
  from space 103936K, 3% used [0x00000007b9180000,0x00000007b94e8000,0x00000007bf700000)
  to   space 110080K, 0% used [0x00000007b2000000,0x00000007b2000000,0x00000007b8b80000)
 ParOldGen       total 339968K, used 268492K [0x0000000760000000, 0x0000000774c00000, 0x00000007a0000000)
  object space 339968K, 78% used [0x0000000760000000,0x00000007706333b0,0x0000000774c00000)
 Metaspace       used 176546K, capacity 185316K, committed 191768K, reserved 1218560K
  class space    used 19957K, capacity 21681K, committed 22808K, reserved 1048576K
Event: 23835.491 GC heap after
Heap after GC invocations=113 (full 6):
 PSYoungGen      total 404992K, used 19891K [0x00000007a0000000, 0x00000007bf900000, 0x00000007c0000000)
  eden space 294912K, 0% used [0x00000007a0000000,0x00000007a0000000,0x00000007b2000000)
  from space 110080K, 18% used [0x00000007b2000000,0x00000007b336ccf8,0x00000007b8b80000)
  to   space 103424K, 0% used [0x00000007b9400000,0x00000007b9400000,0x00000007bf900000)
 ParOldGen       total 339968K, used 268604K [0x0000000760000000, 0x0000000774c00000, 0x00000007a0000000)
  object space 339968K, 79% used [0x0000000760000000,0x000000077064f0a8,0x0000000774c00000)
 Metaspace       used 176546K, capacity 185316K, committed 191768K, reserved 1218560K
  class space    used 19957K, capacity 21681K, committed 22808K, reserved 1048576K
}
Event: 24321.612 GC heap before
{Heap before GC invocations=114 (full 6):
 PSYoungGen      total 404992K, used 314803K [0x00000007a0000000, 0x00000007bf900000, 0x00000007c0000000)
  eden space 294912K, 100% used [0x00000007a0000000,0x00000007b2000000,0x00000007b2000000)
  from space 110080K, 18% used [0x00000007b2000000,0x00000007b336ccf8,0x00000007b8b80000)
  to   space 103424K, 0% used [0x00000007b9400000,0x00000007b9400000,0x00000007bf900000)
 ParOldGen       total 339968K, used 268604K [0x0000000760000000, 0x0000000774c00000, 0x00000007a0000000)
  object space 339968K, 79% used [0x0000000760000000,0x000000077064f0a8,0x0000000774c00000)
 Metaspace       used 181143K, capacity 190104K, committed 192024K, reserved 1218560K
  class space    used 20388K, capacity 22127K, committed 22808K, reserved 1048576K
Event: 24322.155 GC heap after
Heap after GC invocations=114 (full 6):
 PSYoungGen      total 406528K, used 37603K [0x00000007a0000000, 0x00000007bf180000, 0x00000007c0000000)
  eden space 310784K, 0% used [0x00000007a0000000,0x00000007a0000000,0x00000007b2f80000)
  from space 95744K, 39% used [0x00000007b9400000,0x00000007bb8b8d88,0x00000007bf180000)
  to   space 99328K, 0% used [0x00000007b2f80000,0x00000007b2f80000,0x00000007b9080000)
 ParOldGen       total 339968K, used 273134K [0x0000000760000000, 0x0000000774c00000, 0x00000007a0000000)
  object space 339968K, 80% used [0x0000000760000000,0x0000000770abba08,0x0000000774c00000)
 Metaspace       used 181143K, capacity 190104K, committed 192024K, reserved 1218560K
  class space    used 20388K, capacity 22127K, committed 22808K, reserved 1048576K
}
Event: 24841.559 GC heap before
{Heap before GC invocations=115 (full 6):
 PSYoungGen      total 406528K, used 348387K [0x00000007a0000000, 0x00000007bf180000, 0x00000007c0000000)
  eden space 310784K, 100% used [0x00000007a0000000,0x00000007b2f80000,0x00000007b2f80000)
  from space 95744K, 39% used [0x00000007b9400000,0x00000007bb8b8d88,0x00000007bf180000)
  to   space 99328K, 0% used [0x00000007b2f80000,0x00000007b2f80000,0x00000007b9080000)
 ParOldGen       total 339968K, used 273134K [0x0000000760000000, 0x0000000774c00000, 0x00000007a0000000)
  object space 339968K, 80% used [0x0000000760000000,0x0000000770abba08,0x0000000774c00000)
 Metaspace       used 181408K, capacity 190418K, committed 192280K, reserved 1218560K
  class space    used 20420K, capacity 22168K, committed 22808K, reserved 1048576K
Event: 24841.916 GC heap after
Heap after GC invocations=115 (full 6):
 PSYoungGen      total 410112K, used 16974K [0x00000007a0000000, 0x00000007bfa80000, 0x00000007c0000000)
  eden space 310784K, 0% used [0x00000007a0000000,0x00000007a0000000,0x00000007b2f80000)
  from space 99328K, 17% used [0x00000007b2f80000,0x00000007b4013a18,0x00000007b9080000)
  to   space 94720K, 0% used [0x00000007b9e00000,0x00000007b9e00000,0x00000007bfa80000)
 ParOldGen       total 339968K, used 278178K [0x0000000760000000, 0x0000000774c00000, 0x00000007a0000000)
  object space 339968K, 81% used [0x0000000760000000,0x0000000770fa89e0,0x0000000774c00000)
 Metaspace       used 181408K, capacity 190418K, committed 192280K, reserved 1218560K
  class space    used 20420K, capacity 22168K, committed 22808K, reserved 1048576K
}
Event: 25037.887 GC heap before
{Heap before GC invocations=116 (full 6):
 PSYoungGen      total 410112K, used 327758K [0x00000007a0000000, 0x00000007bfa80000, 0x00000007c0000000)
  eden space 310784K, 100% used [0x00000007a0000000,0x00000007b2f80000,0x00000007b2f80000)
  from space 99328K, 17% used [0x00000007b2f80000,0x00000007b4013a18,0x00000007b9080000)
  to   space 94720K, 0% used [0x00000007b9e00000,0x00000007b9e00000,0x00000007bfa80000)
 ParOldGen       total 339968K, used 278178K [0x0000000760000000, 0x0000000774c00000, 0x00000007a0000000)
  object space 339968K, 81% used [0x0000000760000000,0x0000000770fa89e0,0x0000000774c00000)
 Metaspace       used 183579K, capacity 192600K, committed 194328K, reserved 1220608K
  class space    used 20613K, capacity 22361K, committed 22808K, reserved 1048576K
Event: 25038.128 GC heap after
Heap after GC invocations=116 (full 6):
 PSYoungGen      total 419840K, used 7022K [0x00000007a0000000, 0x00000007bf580000, 0x00000007c0000000)
  eden space 330240K, 0% used [0x00000007a0000000,0x00000007a0000000,0x00000007b4280000)
  from space 89600K, 7% used [0x00000007b9e00000,0x00000007ba4dbba8,0x00000007bf580000)
  to   space 91648K, 0% used [0x00000007b4280000,0x00000007b4280000,0x00000007b9c00000)
 ParOldGen       total 339968K, used 278450K [0x0000000760000000, 0x0000000774c00000, 0x00000007a0000000)
  object space 339968K, 81% used [0x0000000760000000,0x0000000770fecab8,0x0000000774c00000)
 Metaspace       used 183579K, capacity 192600K, committed 194328K, reserved 1220608K
  class space    used 20613K, capacity 22361K, committed 22808K, reserved 1048576K
}
Event: 25201.284 GC heap before
{Heap before GC invocations=117 (full 6):
 PSYoungGen      total 419840K, used 337262K [0x00000007a0000000, 0x00000007bf580000, 0x00000007c0000000)
  eden space 330240K, 100% used [0x00000007a0000000,0x00000007b4280000,0x00000007b4280000)
  from space 89600K, 7% used [0x00000007b9e00000,0x00000007ba4dbba8,0x00000007bf580000)
  to   space 91648K, 0% used [0x00000007b4280000,0x00000007b4280000,0x00000007b9c00000)
 ParOldGen       total 339968K, used 278450K [0x0000000760000000, 0x0000000774c00000, 0x00000007a0000000)
  object space 339968K, 81% used [0x0000000760000000,0x0000000770fecab8,0x0000000774c00000)
 Metaspace       used 185961K, capacity 195016K, committed 196760K, reserved 1222656K
  class space    used 20838K, capacity 22593K, committed 22936K, reserved 1048576K
Event: 25201.494 GC heap after
Heap after GC invocations=117 (full 6):
 PSYoungGen      total 421888K, used 12202K [0x00000007a0000000, 0x00000007bf900000, 0x00000007c0000000)
  eden space 330240K, 0% used [0x00000007a0000000,0x00000007a0000000,0x00000007b4280000)
  from space 91648K, 13% used [0x00000007b4280000,0x00000007b4e6a9f8,0x00000007b9c00000)
  to   space 87040K, 0% used [0x00000007ba400000,0x00000007ba400000,0x00000007bf900000)
 ParOldGen       total 339968K, used 278688K [0x0000000760000000, 0x0000000774c00000, 0x00000007a0000000)
  object space 339968K, 81% used [0x0000000760000000,0x0000000771028108,0x0000000774c00000)
 Metaspace       used 185961K, capacity 195016K, committed 196760K, reserved 1222656K
  class space    used 20838K, capacity 22593K, committed 22936K, reserved 1048576K
}

