# JRE version: OpenJDK Runtime Environment (8.0_152-b01) (build 1.8.0_152-release-1343-b01)
# Java VM: OpenJDK 64-Bit Server VM (25.152-b01 mixed mode bsd-amd64 compressed oops)
Heap:
 PSYoungGen      total 359424K, used 341288K [0x00000007a0000000, 0x00000007b9880000, 0x00000007c0000000)
  eden space 311808K, 100% used [0x00000007a0000000,0x00000007b3080000,0x00000007b3080000)
  from space 47616K, 61% used [0x00000007b6a00000,0x00000007b86ca150,0x00000007b9880000)
  to   space 53248K, 42% used [0x00000007b3080000,0x00000007b4666840,0x00000007b6480000)
 ParOldGen       total 200192K, used 146570K [0x0000000760000000, 0x000000076c380000, 0x00000007a0000000)
  object space 200192K, 73% used [0x0000000760000000,0x0000000768f22870,0x000000076c380000)
 Metaspace       used 104431K, capacity 109134K, committed 109464K, reserved 1144832K
  class space    used 12814K, capacity 13632K, committed 13720K, reserved 1048576K
GC Heap History (10 events):
Event: 758.146 GC heap after
Heap after GC invocations=26 (full 4):
 PSYoungGen      total 308224K, used 40944K [0x00000007a0000000, 0x00000007b8e00000, 0x00000007c0000000)
  eden space 267264K, 0% used [0x00000007a0000000,0x00000007a0000000,0x00000007b0500000)
  from space 40960K, 99% used [0x00000007b4180000,0x00000007b697c390,0x00000007b6980000)
  to   space 61952K, 0% used [0x00000007b0500000,0x00000007b0500000,0x00000007b4180000)
 ParOldGen       total 200192K, used 129816K [0x0000000760000000, 0x000000076c380000, 0x00000007a0000000)
  object space 200192K, 64% used [0x0000000760000000,0x0000000767ec6278,0x000000076c380000)
 Metaspace       used 94457K, capacity 98626K, committed 98712K, reserved 1134592K
  class space    used 11905K, capacity 12666K, committed 12696K, reserved 1048576K
}
Event: 822.315 GC heap before
{Heap before GC invocations=27 (full 4):
 PSYoungGen      total 308224K, used 308208K [0x00000007a0000000, 0x00000007b8e00000, 0x00000007c0000000)
  eden space 267264K, 100% used [0x00000007a0000000,0x00000007b0500000,0x00000007b0500000)
  from space 40960K, 99% used [0x00000007b4180000,0x00000007b697c390,0x00000007b6980000)
  to   space 61952K, 0% used [0x00000007b0500000,0x00000007b0500000,0x00000007b4180000)
 ParOldGen       total 200192K, used 129816K [0x0000000760000000, 0x000000076c380000, 0x00000007a0000000)
  object space 200192K, 64% used [0x0000000760000000,0x0000000767ec6278,0x000000076c380000)
 Metaspace       used 95015K, capacity 99330K, committed 99608K, reserved 1136640K
  class space    used 11933K, capacity 12718K, committed 12824K, reserved 1048576K
Event: 822.397 GC heap after
Heap after GC invocations=27 (full 4):
 PSYoungGen      total 329216K, used 21399K [0x00000007a0000000, 0x00000007b8f80000, 0x00000007c0000000)
  eden space 267264K, 0% used [0x00000007a0000000,0x00000007a0000000,0x00000007b0500000)
  from space 61952K, 34% used [0x00000007b0500000,0x00000007b19e5c18,0x00000007b4180000)
  to   space 58880K, 0% used [0x00000007b5600000,0x00000007b5600000,0x00000007b8f80000)
 ParOldGen       total 200192K, used 146538K [0x0000000760000000, 0x000000076c380000, 0x00000007a0000000)
  object space 200192K, 73% used [0x0000000760000000,0x0000000768f1a870,0x000000076c380000)
 Metaspace       used 95015K, capacity 99330K, committed 99608K, reserved 1136640K
  class space    used 11933K, capacity 12718K, committed 12824K, reserved 1048576K
}
Event: 1121.218 GC heap before
{Heap before GC invocations=28 (full 4):
 PSYoungGen      total 329216K, used 288663K [0x00000007a0000000, 0x00000007b8f80000, 0x00000007c0000000)
  eden space 267264K, 100% used [0x00000007a0000000,0x00000007b0500000,0x00000007b0500000)
  from space 61952K, 34% used [0x00000007b0500000,0x00000007b19e5c18,0x00000007b4180000)
  to   space 58880K, 0% used [0x00000007b5600000,0x00000007b5600000,0x00000007b8f80000)
 ParOldGen       total 200192K, used 146538K [0x0000000760000000, 0x000000076c380000, 0x00000007a0000000)
  object space 200192K, 73% used [0x0000000760000000,0x0000000768f1a870,0x000000076c380000)
 Metaspace       used 96490K, capacity 100860K, committed 101016K, reserved 1136640K
  class space    used 12058K, capacity 12853K, committed 12952K, reserved 1048576K
Event: 1121.458 GC heap after
Heap after GC invocations=28 (full 4):
 PSYoungGen      total 334848K, used 21860K [0x00000007a0000000, 0x00000007b8480000, 0x00000007c0000000)
  eden space 287232K, 0% used [0x00000007a0000000,0x00000007a0000000,0x00000007b1880000)
  from space 47616K, 45% used [0x00000007b5600000,0x00000007b6b591d8,0x00000007b8480000)
  to   space 55296K, 0% used [0x00000007b1880000,0x00000007b1880000,0x00000007b4e80000)
 ParOldGen       total 200192K, used 146546K [0x0000000760000000, 0x000000076c380000, 0x00000007a0000000)
  object space 200192K, 73% used [0x0000000760000000,0x0000000768f1c870,0x000000076c380000)
 Metaspace       used 96490K, capacity 100860K, committed 101016K, reserved 1136640K
  class space    used 12058K, capacity 12853K, committed 12952K, reserved 1048576K
}
Event: 1126.930 GC heap before
{Heap before GC invocations=29 (full 4):
 PSYoungGen      total 334848K, used 309092K [0x00000007a0000000, 0x00000007b8480000, 0x00000007c0000000)
  eden space 287232K, 100% used [0x00000007a0000000,0x00000007b1880000,0x00000007b1880000)
  from space 47616K, 45% used [0x00000007b5600000,0x00000007b6b591d8,0x00000007b8480000)
  to   space 55296K, 0% used [0x00000007b1880000,0x00000007b1880000,0x00000007b4e80000)
 ParOldGen       total 200192K, used 146546K [0x0000000760000000, 0x000000076c380000, 0x00000007a0000000)
  object space 200192K, 73% used [0x0000000760000000,0x0000000768f1c870,0x000000076c380000)
 Metaspace       used 99128K, capacity 103642K, committed 103832K, reserved 1140736K
  class space    used 12312K, capacity 13118K, committed 13208K, reserved 1048576K
Event: 1127.080 GC heap after
Heap after GC invocations=29 (full 4):
 PSYoungGen      total 342528K, used 28768K [0x00000007a0000000, 0x00000007b9f00000, 0x00000007c0000000)
  eden space 287232K, 0% used [0x00000007a0000000,0x00000007a0000000,0x00000007b1880000)
  from space 55296K, 52% used [0x00000007b1880000,0x00000007b3498390,0x00000007b4e80000)
  to   space 54272K, 0% used [0x00000007b6a00000,0x00000007b6a00000,0x00000007b9f00000)
 ParOldGen       total 200192K, used 146554K [0x0000000760000000, 0x000000076c380000, 0x00000007a0000000)
  object space 200192K, 73% used [0x0000000760000000,0x0000000768f1e870,0x000000076c380000)
 Metaspace       used 99128K, capacity 103642K, committed 103832K, reserved 1140736K
  class space    used 12312K, capacity 13118K, committed 13208K, reserved 1048576K
}
Event: 1293.999 GC heap before
{Heap before GC invocations=30 (full 4):
 PSYoungGen      total 342528K, used 315975K [0x00000007a0000000, 0x00000007b9f00000, 0x00000007c0000000)
  eden space 287232K, 99% used [0x00000007a0000000,0x00000007b1879a80,0x00000007b1880000)
  from space 55296K, 52% used [0x00000007b1880000,0x00000007b3498390,0x00000007b4e80000)
  to   space 54272K, 0% used [0x00000007b6a00000,0x00000007b6a00000,0x00000007b9f00000)
 ParOldGen       total 200192K, used 146554K [0x0000000760000000, 0x000000076c380000, 0x00000007a0000000)
  object space 200192K, 73% used [0x0000000760000000,0x0000000768f1e870,0x000000076c380000)
 Metaspace       used 101914K, capacity 106512K, committed 106648K, reserved 1142784K
  class space    used 12590K, capacity 13399K, committed 13464K, reserved 1048576K
Event: 1294.221 GC heap after
Heap after GC invocations=30 (full 4):
 PSYoungGen      total 359424K, used 29480K [0x00000007a0000000, 0x00000007b9880000, 0x00000007c0000000)
  eden space 311808K, 0% used [0x00000007a0000000,0x00000007a0000000,0x00000007b3080000)
  from space 47616K, 61% used [0x00000007b6a00000,0x00000007b86ca150,0x00000007b9880000)
  to   space 53248K, 0% used [0x00000007b3080000,0x00000007b3080000,0x00000007b6480000)
 ParOldGen       total 200192K, used 146562K [0x0000000760000000, 0x000000076c380000, 0x00000007a0000000)
  object space 200192K, 73% used [0x0000000760000000,0x0000000768f20870,0x000000076c380000)
 Metaspace       used 101914K, capacity 106512K, committed 106648K, reserved 1142784K
  class space    used 12590K, capacity 13399K, committed 13464K, reserved 1048576K
}
Event: 1670.265 GC heap before
{Heap before GC invocations=31 (full 4):
 PSYoungGen      total 359424K, used 341288K [0x00000007a0000000, 0x00000007b9880000, 0x00000007c0000000)
  eden space 311808K, 100% used [0x00000007a0000000,0x00000007b3080000,0x00000007b3080000)
  from space 47616K, 61% used [0x00000007b6a00000,0x00000007b86ca150,0x00000007b9880000)
  to   space 53248K, 0% used [0x00000007b3080000,0x00000007b3080000,0x00000007b6480000)
 ParOldGen       total 200192K, used 146562K [0x0000000760000000, 0x000000076c380000, 0x00000007a0000000)
  object space 200192K, 73% used [0x0000000760000000,0x0000000768f20870,0x000000076c380000)
 Metaspace       used 104431K, capacity 109134K, committed 109464K, reserved 1144832K
  class space    used 12814K, capacity 13632K, committed 13720K, reserved 1048576K

