# JRE version: OpenJDK Runtime Environment (8.0_152-b01) (build 1.8.0_152-release-1343-b01)
# Java VM: OpenJDK 64-Bit Server VM (25.152-b01 mixed mode bsd-amd64 compressed oops)
Heap:
 PSYoungGen      total 267776K, used 176538K [0x00000007aab00000, 0x00000007bef00000, 0x00000007c0000000)
  eden space 260096K, 65% used [0x00000007aab00000,0x00000007b5052158,0x00000007ba900000)
  from space 7680K, 94% used [0x00000007bb180000,0x00000007bb8946e8,0x00000007bb900000)
  to   space 35840K, 0% used [0x00000007bcc00000,0x00000007bcc00000,0x00000007bef00000)
 ParOldGen       total 210944K, used 68900K [0x0000000780000000, 0x000000078ce00000, 0x00000007aab00000)
  object space 210944K, 32% used [0x0000000780000000,0x00000007843493c8,0x000000078ce00000)
 Metaspace       used 97276K, capacity 102566K, committed 102656K, reserved 1138688K
  class space    used 12183K, capacity 13233K, committed 13312K, reserved 1048576K
GC Heap History (10 events):
Event: 724.211 GC heap before
{Heap before GC invocations=57 (full 3):
 PSYoungGen      total 305664K, used 154635K [0x00000007aab00000, 0x00000007c0000000, 0x00000007c0000000)
  eden space 263168K, 57% used [0x00000007aab00000,0x00000007b3ffd760,0x00000007bac00000)
  from space 42496K, 4% used [0x00000007bac00000,0x00000007bae05720,0x00000007bd580000)
  to   space 42496K, 0% used [0x00000007bd680000,0x00000007bd680000,0x00000007c0000000)
 ParOldGen       total 147968K, used 114308K [0x0000000780000000, 0x0000000789080000, 0x00000007aab00000)
  object space 147968K, 77% used [0x0000000780000000,0x0000000786fa10a8,0x0000000789080000)
 Metaspace       used 94649K, capacity 98444K, committed 98560K, reserved 1134592K
  class space    used 11924K, capacity 12716K, committed 12800K, reserved 1048576K
Event: 724.234 GC heap after
Heap after GC invocations=57 (full 3):
 PSYoungGen      total 303616K, used 6812K [0x00000007aab00000, 0x00000007bfd00000, 0x00000007c0000000)
  eden space 264192K, 0% used [0x00000007aab00000,0x00000007aab00000,0x00000007bad00000)
  from space 39424K, 17% used [0x00000007bd680000,0x00000007bdd27330,0x00000007bfd00000)
  to   space 40960K, 0% used [0x00000007bad00000,0x00000007bad00000,0x00000007bd500000)
 ParOldGen       total 147968K, used 114348K [0x0000000780000000, 0x0000000789080000, 0x00000007aab00000)
  object space 147968K, 77% used [0x0000000780000000,0x0000000786fab0a8,0x0000000789080000)
 Metaspace       used 94649K, capacity 98444K, committed 98560K, reserved 1134592K
  class space    used 11924K, capacity 12716K, committed 12800K, reserved 1048576K
}
Event: 724.234 GC heap before
{Heap before GC invocations=58 (full 4):
 PSYoungGen      total 303616K, used 6812K [0x00000007aab00000, 0x00000007bfd00000, 0x00000007c0000000)
  eden space 264192K, 0% used [0x00000007aab00000,0x00000007aab00000,0x00000007bad00000)
  from space 39424K, 17% used [0x00000007bd680000,0x00000007bdd27330,0x00000007bfd00000)
  to   space 40960K, 0% used [0x00000007bad00000,0x00000007bad00000,0x00000007bd500000)
 ParOldGen       total 147968K, used 114348K [0x0000000780000000, 0x0000000789080000, 0x00000007aab00000)
  object space 147968K, 77% used [0x0000000780000000,0x0000000786fab0a8,0x0000000789080000)
 Metaspace       used 94649K, capacity 98444K, committed 98560K, reserved 1134592K
  class space    used 11924K, capacity 12716K, committed 12800K, reserved 1048576K
Event: 725.207 GC heap after
Heap after GC invocations=58 (full 4):
 PSYoungGen      total 303616K, used 0K [0x00000007aab00000, 0x00000007bfd00000, 0x00000007c0000000)
  eden space 264192K, 0% used [0x00000007aab00000,0x00000007aab00000,0x00000007bad00000)
  from space 39424K, 0% used [0x00000007bd680000,0x00000007bd680000,0x00000007bfd00000)
  to   space 40960K, 0% used [0x00000007bad00000,0x00000007bad00000,0x00000007bd500000)
 ParOldGen       total 210944K, used 68876K [0x0000000780000000, 0x000000078ce00000, 0x00000007aab00000)
  object space 210944K, 32% used [0x0000000780000000,0x00000007843433c8,0x000000078ce00000)
 Metaspace       used 94649K, capacity 98444K, committed 98560K, reserved 1134592K
  class space    used 11924K, capacity 12716K, committed 12800K, reserved 1048576K
}
Event: 1719.856 GC heap before
{Heap before GC invocations=59 (full 4):
 PSYoungGen      total 303616K, used 264192K [0x00000007aab00000, 0x00000007bfd00000, 0x00000007c0000000)
  eden space 264192K, 100% used [0x00000007aab00000,0x00000007bad00000,0x00000007bad00000)
  from space 39424K, 0% used [0x00000007bd680000,0x00000007bd680000,0x00000007bfd00000)
  to   space 40960K, 0% used [0x00000007bad00000,0x00000007bad00000,0x00000007bd500000)
 ParOldGen       total 210944K, used 68876K [0x0000000780000000, 0x000000078ce00000, 0x00000007aab00000)
  object space 210944K, 32% used [0x0000000780000000,0x00000007843433c8,0x000000078ce00000)
 Metaspace       used 95304K, capacity 99368K, committed 99584K, reserved 1136640K
  class space    used 11968K, capacity 12794K, committed 12800K, reserved 1048576K
Event: 1719.892 GC heap after
Heap after GC invocations=59 (full 4):
 PSYoungGen      total 305152K, used 10257K [0x00000007aab00000, 0x00000007bfe80000, 0x00000007c0000000)
  eden space 264192K, 0% used [0x00000007aab00000,0x00000007aab00000,0x00000007bad00000)
  from space 40960K, 25% used [0x00000007bad00000,0x00000007bb7046e8,0x00000007bd500000)
  to   space 39424K, 0% used [0x00000007bd800000,0x00000007bd800000,0x00000007bfe80000)
 ParOldGen       total 210944K, used 68884K [0x0000000780000000, 0x000000078ce00000, 0x00000007aab00000)
  object space 210944K, 32% used [0x0000000780000000,0x00000007843453c8,0x000000078ce00000)
 Metaspace       used 95304K, capacity 99368K, committed 99584K, reserved 1136640K
  class space    used 11968K, capacity 12794K, committed 12800K, reserved 1048576K
}
Event: 2839.541 GC heap before
{Heap before GC invocations=60 (full 4):
 PSYoungGen      total 305152K, used 274449K [0x00000007aab00000, 0x00000007bfe80000, 0x00000007c0000000)
  eden space 264192K, 100% used [0x00000007aab00000,0x00000007bad00000,0x00000007bad00000)
  from space 40960K, 25% used [0x00000007bad00000,0x00000007bb7046e8,0x00000007bd500000)
  to   space 39424K, 0% used [0x00000007bd800000,0x00000007bd800000,0x00000007bfe80000)
 ParOldGen       total 210944K, used 68884K [0x0000000780000000, 0x000000078ce00000, 0x00000007aab00000)
  object space 210944K, 32% used [0x0000000780000000,0x00000007843453c8,0x000000078ce00000)
 Metaspace       used 95840K, capacity 100170K, committed 100480K, reserved 1136640K
  class space    used 12006K, capacity 12861K, committed 12928K, reserved 1048576K
Event: 2839.700 GC heap after
Heap after GC invocations=60 (full 4):
 PSYoungGen      total 304128K, used 10513K [0x00000007aab00000, 0x00000007bfa80000, 0x00000007c0000000)
  eden space 268800K, 0% used [0x00000007aab00000,0x00000007aab00000,0x00000007bb180000)
  from space 35328K, 29% used [0x00000007bd800000,0x00000007be2446e8,0x00000007bfa80000)
  to   space 37376K, 0% used [0x00000007bb180000,0x00000007bb180000,0x00000007bd600000)
 ParOldGen       total 210944K, used 68892K [0x0000000780000000, 0x000000078ce00000, 0x00000007aab00000)
  object space 210944K, 32% used [0x0000000780000000,0x00000007843473c8,0x000000078ce00000)
 Metaspace       used 95840K, capacity 100170K, committed 100480K, reserved 1136640K
  class space    used 12006K, capacity 12861K, committed 12928K, reserved 1048576K
}
Event: 3914.827 GC heap before
{Heap before GC invocations=61 (full 4):
 PSYoungGen      total 304128K, used 279313K [0x00000007aab00000, 0x00000007bfa80000, 0x00000007c0000000)
  eden space 268800K, 100% used [0x00000007aab00000,0x00000007bb180000,0x00000007bb180000)
  from space 35328K, 29% used [0x00000007bd800000,0x00000007be2446e8,0x00000007bfa80000)
  to   space 37376K, 0% used [0x00000007bb180000,0x00000007bb180000,0x00000007bd600000)
 ParOldGen       total 210944K, used 68892K [0x0000000780000000, 0x000000078ce00000, 0x00000007aab00000)
  object space 210944K, 32% used [0x0000000780000000,0x00000007843473c8,0x000000078ce00000)
 Metaspace       used 96395K, capacity 101168K, committed 101376K, reserved 1138688K
  class space    used 12065K, capacity 12998K, committed 13056K, reserved 1048576K
Event: 3915.004 GC heap after
Heap after GC invocations=61 (full 4):
 PSYoungGen      total 267776K, used 7249K [0x00000007aab00000, 0x00000007bef00000, 0x00000007c0000000)
  eden space 260096K, 0% used [0x00000007aab00000,0x00000007aab00000,0x00000007ba900000)
  from space 7680K, 94% used [0x00000007bb180000,0x00000007bb8946e8,0x00000007bb900000)
  to   space 35840K, 0% used [0x00000007bcc00000,0x00000007bcc00000,0x00000007bef00000)
 ParOldGen       total 210944K, used 68900K [0x0000000780000000, 0x000000078ce00000, 0x00000007aab00000)
  object space 210944K, 32% used [0x0000000780000000,0x00000007843493c8,0x000000078ce00000)
 Metaspace       used 96395K, capacity 101168K, committed 101376K, reserved 1138688K
  class space    used 12065K, capacity 12998K, committed 13056K, reserved 1048576K
}

