# JRE version: OpenJDK Runtime Environment (8.0_152-b01) (build 1.8.0_152-release-1343-b01)
# Java VM: OpenJDK 64-Bit Server VM (25.152-b01 mixed mode bsd-amd64 compressed oops)
Heap:
 PSYoungGen      total 351744K, used 33119K [0x00000007a0000000, 0x00000007bfe00000, 0x00000007c0000000)
  eden space 183296K, 0% used [0x00000007a0000000,0x00000007a0000000,0x00000007ab300000)
  from space 168448K, 19% used [0x00000007b5980000,0x00000007b79d7dc0,0x00000007bfe00000)
  to   space 169472K, 0% used [0x00000007ab300000,0x00000007ab300000,0x00000007b5880000)
 ParOldGen       total 274944K, used 265540K [0x0000000760000000, 0x0000000770c80000, 0x00000007a0000000)
  object space 274944K, 96% used [0x0000000760000000,0x0000000770351160,0x0000000770c80000)
 Metaspace       used 200178K, capacity 208778K, committed 209176K, reserved 1234944K
  class space    used 21639K, capacity 22980K, committed 23064K, reserved 1048576K
GC Heap History (10 events):
Event: 13522.347 GC heap after
Heap after GC invocations=76 (full 6):
 PSYoungGen      total 347648K, used 128475K [0x00000007a0000000, 0x00000007c0000000, 0x00000007c0000000)
  eden space 175104K, 0% used [0x00000007a0000000,0x00000007a0000000,0x00000007aab00000)
  from space 172544K, 74% used [0x00000007b5780000,0x00000007bd4f6ea0,0x00000007c0000000)
  to   space 174592K, 0% used [0x00000007aab00000,0x00000007aab00000,0x00000007b5580000)
 ParOldGen       total 274944K, used 175284K [0x0000000760000000, 0x0000000770c80000, 0x00000007a0000000)
  object space 274944K, 63% used [0x0000000760000000,0x000000076ab2d108,0x0000000770c80000)
 Metaspace       used 197346K, capacity 205862K, committed 206104K, reserved 1232896K
  class space    used 21376K, capacity 22708K, committed 22808K, reserved 1048576K
}
Event: 13608.427 GC heap before
{Heap before GC invocations=77 (full 6):
 PSYoungGen      total 347648K, used 303579K [0x00000007a0000000, 0x00000007c0000000, 0x00000007c0000000)
  eden space 175104K, 100% used [0x00000007a0000000,0x00000007aab00000,0x00000007aab00000)
  from space 172544K, 74% used [0x00000007b5780000,0x00000007bd4f6ea0,0x00000007c0000000)
  to   space 174592K, 0% used [0x00000007aab00000,0x00000007aab00000,0x00000007b5580000)
 ParOldGen       total 274944K, used 175284K [0x0000000760000000, 0x0000000770c80000, 0x00000007a0000000)
  object space 274944K, 63% used [0x0000000760000000,0x000000076ab2d108,0x0000000770c80000)
 Metaspace       used 197376K, capacity 205866K, committed 206104K, reserved 1232896K
  class space    used 21376K, capacity 22708K, committed 22808K, reserved 1048576K
Event: 13608.606 GC heap after
Heap after GC invocations=77 (full 6):
 PSYoungGen      total 349696K, used 98369K [0x00000007a0000000, 0x00000007c0000000, 0x00000007c0000000)
  eden space 175104K, 0% used [0x00000007a0000000,0x00000007a0000000,0x00000007aab00000)
  from space 174592K, 56% used [0x00000007aab00000,0x00000007b0b106a0,0x00000007b5580000)
  to   space 174080K, 0% used [0x00000007b5600000,0x00000007b5600000,0x00000007c0000000)
 ParOldGen       total 274944K, used 175978K [0x0000000760000000, 0x0000000770c80000, 0x00000007a0000000)
  object space 274944K, 64% used [0x0000000760000000,0x000000076abdab78,0x0000000770c80000)
 Metaspace       used 197376K, capacity 205866K, committed 206104K, reserved 1232896K
  class space    used 21376K, capacity 22708K, committed 22808K, reserved 1048576K
}
Event: 14133.466 GC heap before
{Heap before GC invocations=78 (full 6):
 PSYoungGen      total 349696K, used 273472K [0x00000007a0000000, 0x00000007c0000000, 0x00000007c0000000)
  eden space 175104K, 99% used [0x00000007a0000000,0x00000007aaaffb70,0x00000007aab00000)
  from space 174592K, 56% used [0x00000007aab00000,0x00000007b0b106a0,0x00000007b5580000)
  to   space 174080K, 0% used [0x00000007b5600000,0x00000007b5600000,0x00000007c0000000)
 ParOldGen       total 274944K, used 175978K [0x0000000760000000, 0x0000000770c80000, 0x00000007a0000000)
  object space 274944K, 64% used [0x0000000760000000,0x000000076abdab78,0x0000000770c80000)
 Metaspace       used 197608K, capacity 206106K, committed 206360K, reserved 1232896K
  class space    used 21407K, capacity 22748K, committed 22808K, reserved 1048576K
Event: 14134.193 GC heap after
Heap after GC invocations=78 (full 6):
 PSYoungGen      total 344064K, used 57995K [0x00000007a0000000, 0x00000007bfa80000, 0x00000007c0000000)
  eden space 175616K, 0% used [0x00000007a0000000,0x00000007a0000000,0x00000007aab80000)
  from space 168448K, 34% used [0x00000007b5600000,0x00000007b8ea2d58,0x00000007bfa80000)
  to   space 171520K, 0% used [0x00000007aab80000,0x00000007aab80000,0x00000007b5300000)
 ParOldGen       total 274944K, used 226727K [0x0000000760000000, 0x0000000770c80000, 0x00000007a0000000)
  object space 274944K, 82% used [0x0000000760000000,0x000000076dd69ec0,0x0000000770c80000)
 Metaspace       used 197608K, capacity 206106K, committed 206360K, reserved 1232896K
  class space    used 21407K, capacity 22748K, committed 22808K, reserved 1048576K
}
Event: 14136.398 GC heap before
{Heap before GC invocations=79 (full 6):
 PSYoungGen      total 344064K, used 233611K [0x00000007a0000000, 0x00000007bfa80000, 0x00000007c0000000)
  eden space 175616K, 100% used [0x00000007a0000000,0x00000007aab80000,0x00000007aab80000)
  from space 168448K, 34% used [0x00000007b5600000,0x00000007b8ea2d58,0x00000007bfa80000)
  to   space 171520K, 0% used [0x00000007aab80000,0x00000007aab80000,0x00000007b5300000)
 ParOldGen       total 274944K, used 226727K [0x0000000760000000, 0x0000000770c80000, 0x00000007a0000000)
  object space 274944K, 82% used [0x0000000760000000,0x000000076dd69ec0,0x0000000770c80000)
 Metaspace       used 199752K, capacity 208282K, committed 208664K, reserved 1234944K
  class space    used 21600K, capacity 22940K, committed 23064K, reserved 1048576K
Event: 14136.464 GC heap after
Heap after GC invocations=79 (full 6):
 PSYoungGen      total 347136K, used 49914K [0x00000007a0000000, 0x00000007bff00000, 0x00000007c0000000)
  eden space 175616K, 0% used [0x00000007a0000000,0x00000007a0000000,0x00000007aab80000)
  from space 171520K, 29% used [0x00000007aab80000,0x00000007adc3eb58,0x00000007b5300000)
  to   space 169472K, 0% used [0x00000007b5980000,0x00000007b5980000,0x00000007bff00000)
 ParOldGen       total 274944K, used 227758K [0x0000000760000000, 0x0000000770c80000, 0x00000007a0000000)
  object space 274944K, 82% used [0x0000000760000000,0x000000076de6b970,0x0000000770c80000)
 Metaspace       used 199752K, capacity 208282K, committed 208664K, reserved 1234944K
  class space    used 21600K, capacity 22940K, committed 23064K, reserved 1048576K
}
Event: 14231.861 GC heap before
{Heap before GC invocations=80 (full 6):
 PSYoungGen      total 347136K, used 225530K [0x00000007a0000000, 0x00000007bff00000, 0x00000007c0000000)
  eden space 175616K, 100% used [0x00000007a0000000,0x00000007aab80000,0x00000007aab80000)
  from space 171520K, 29% used [0x00000007aab80000,0x00000007adc3eb58,0x00000007b5300000)
  to   space 169472K, 0% used [0x00000007b5980000,0x00000007b5980000,0x00000007bff00000)
 ParOldGen       total 274944K, used 227758K [0x0000000760000000, 0x0000000770c80000, 0x00000007a0000000)
  object space 274944K, 82% used [0x0000000760000000,0x000000076de6b970,0x0000000770c80000)
 Metaspace       used 200178K, capacity 208778K, committed 209176K, reserved 1234944K
  class space    used 21639K, capacity 22980K, committed 23064K, reserved 1048576K
Event: 14232.211 GC heap after
Heap after GC invocations=80 (full 6):
 PSYoungGen      total 351744K, used 33119K [0x00000007a0000000, 0x00000007bfe00000, 0x00000007c0000000)
  eden space 183296K, 0% used [0x00000007a0000000,0x00000007a0000000,0x00000007ab300000)
  from space 168448K, 19% used [0x00000007b5980000,0x00000007b79d7dc0,0x00000007bfe00000)
  to   space 169472K, 0% used [0x00000007ab300000,0x00000007ab300000,0x00000007b5880000)
 ParOldGen       total 274944K, used 265540K [0x0000000760000000, 0x0000000770c80000, 0x00000007a0000000)
  object space 274944K, 96% used [0x0000000760000000,0x0000000770351160,0x0000000770c80000)
 Metaspace       used 200178K, capacity 208778K, committed 209176K, reserved 1234944K
  class space    used 21639K, capacity 22980K, committed 23064K, reserved 1048576K
}
Event: 14232.216 GC heap before
{Heap before GC invocations=81 (full 7):
 PSYoungGen      total 351744K, used 33119K [0x00000007a0000000, 0x00000007bfe00000, 0x00000007c0000000)
  eden space 183296K, 0% used [0x00000007a0000000,0x00000007a0000000,0x00000007ab300000)
  from space 168448K, 19% used [0x00000007b5980000,0x00000007b79d7dc0,0x00000007bfe00000)
  to   space 169472K, 0% used [0x00000007ab300000,0x00000007ab300000,0x00000007b5880000)
 ParOldGen       total 274944K, used 265540K [0x0000000760000000, 0x0000000770c80000, 0x00000007a0000000)
  object space 274944K, 96% used [0x0000000760000000,0x0000000770351160,0x0000000770c80000)
 Metaspace       used 200178K, capacity 208778K, committed 209176K, reserved 1234944K
  class space    used 21639K, capacity 22980K, committed 23064K, reserved 1048576K

