# JRE version: OpenJDK Runtime Environment (8.0_152-b01) (build 1.8.0_152-release-1343-b01)
# Java VM: OpenJDK 64-Bit Server VM (25.152-b01 mixed mode bsd-amd64 compressed oops)
Heap:
 PSYoungGen      total 264704K, used 264683K [0x00000007aab00000, 0x00000007c0000000, 0x00000007c0000000)
  eden space 180224K, 100% used [0x00000007aab00000,0x00000007b5b00000,0x00000007b5b00000)
  from space 84480K, 99% used [0x00000007b5b00000,0x00000007bad7afa0,0x00000007bad80000)
  to   space 84480K, 37% used [0x00000007bad80000,0x00000007bcc3f518,0x00000007c0000000)
 ParOldGen       total 314368K, used 140408K [0x0000000780000000, 0x0000000793300000, 0x00000007aab00000)
  object space 314368K, 44% used [0x0000000780000000,0x000000078891e3a0,0x0000000793300000)
 Metaspace       used 107057K, capacity 111498K, committed 111576K, reserved 1146880K
  class space    used 13230K, capacity 14066K, committed 14080K, reserved 1048576K
GC Heap History (10 events):
Event: 501.701 GC heap after
Heap after GC invocations=36 (full 4):
 PSYoungGen      total 274944K, used 21308K [0x00000007aab00000, 0x00000007bf800000, 0x00000007c0000000)
  eden space 215040K, 0% used [0x00000007aab00000,0x00000007aab00000,0x00000007b7d00000)
  from space 59904K, 35% used [0x00000007bbd80000,0x00000007bd24f350,0x00000007bf800000)
  to   space 62976K, 0% used [0x00000007b7d00000,0x00000007b7d00000,0x00000007bba80000)
 ParOldGen       total 224768K, used 186130K [0x0000000780000000, 0x000000078db80000, 0x00000007aab00000)
  object space 224768K, 82% used [0x0000000780000000,0x000000078b5c4990,0x000000078db80000)
 Metaspace       used 105502K, capacity 109618K, committed 109912K, reserved 1144832K
  class space    used 13033K, capacity 13842K, committed 13952K, reserved 1048576K
}
Event: 502.326 GC heap before
{Heap before GC invocations=37 (full 4):
 PSYoungGen      total 274944K, used 236348K [0x00000007aab00000, 0x00000007bf800000, 0x00000007c0000000)
  eden space 215040K, 100% used [0x00000007aab00000,0x00000007b7d00000,0x00000007b7d00000)
  from space 59904K, 35% used [0x00000007bbd80000,0x00000007bd24f350,0x00000007bf800000)
  to   space 62976K, 0% used [0x00000007b7d00000,0x00000007b7d00000,0x00000007bba80000)
 ParOldGen       total 224768K, used 186130K [0x0000000780000000, 0x000000078db80000, 0x00000007aab00000)
  object space 224768K, 82% used [0x0000000780000000,0x000000078b5c4990,0x000000078db80000)
 Metaspace       used 106201K, capacity 110452K, committed 110680K, reserved 1146880K
  class space    used 13125K, capacity 13929K, committed 13952K, reserved 1048576K
Event: 502.401 GC heap after
Heap after GC invocations=37 (full 4):
 PSYoungGen      total 278016K, used 62957K [0x00000007aab00000, 0x00000007c0000000, 0x00000007c0000000)
  eden space 215040K, 0% used [0x00000007aab00000,0x00000007aab00000,0x00000007b7d00000)
  from space 62976K, 99% used [0x00000007b7d00000,0x00000007bba7b5b8,0x00000007bba80000)
  to   space 71168K, 0% used [0x00000007bba80000,0x00000007bba80000,0x00000007c0000000)
 ParOldGen       total 224768K, used 211512K [0x0000000780000000, 0x000000078db80000, 0x00000007aab00000)
  object space 224768K, 94% used [0x0000000780000000,0x000000078ce8e048,0x000000078db80000)
 Metaspace       used 106201K, capacity 110452K, committed 110680K, reserved 1146880K
  class space    used 13125K, capacity 13929K, committed 13952K, reserved 1048576K
}
Event: 502.401 GC heap before
{Heap before GC invocations=38 (full 5):
 PSYoungGen      total 278016K, used 62957K [0x00000007aab00000, 0x00000007c0000000, 0x00000007c0000000)
  eden space 215040K, 0% used [0x00000007aab00000,0x00000007aab00000,0x00000007b7d00000)
  from space 62976K, 99% used [0x00000007b7d00000,0x00000007bba7b5b8,0x00000007bba80000)
  to   space 71168K, 0% used [0x00000007bba80000,0x00000007bba80000,0x00000007c0000000)
 ParOldGen       total 224768K, used 211512K [0x0000000780000000, 0x000000078db80000, 0x00000007aab00000)
  object space 224768K, 94% used [0x0000000780000000,0x000000078ce8e048,0x000000078db80000)
 Metaspace       used 106201K, capacity 110452K, committed 110680K, reserved 1146880K
  class space    used 13125K, capacity 13929K, committed 13952K, reserved 1048576K
Event: 502.814 GC heap after
Heap after GC invocations=38 (full 5):
 PSYoungGen      total 278016K, used 0K [0x00000007aab00000, 0x00000007c0000000, 0x00000007c0000000)
  eden space 215040K, 0% used [0x00000007aab00000,0x00000007aab00000,0x00000007b7d00000)
  from space 62976K, 0% used [0x00000007b7d00000,0x00000007b7d00000,0x00000007bba80000)
  to   space 71168K, 0% used [0x00000007bba80000,0x00000007bba80000,0x00000007c0000000)
 ParOldGen       total 314368K, used 138394K [0x0000000780000000, 0x0000000793300000, 0x00000007aab00000)
  object space 314368K, 44% used [0x0000000780000000,0x0000000788726b48,0x0000000793300000)
 Metaspace       used 106193K, capacity 110422K, committed 110680K, reserved 1146880K
  class space    used 13123K, capacity 13924K, committed 13952K, reserved 1048576K
}
Event: 503.234 GC heap before
{Heap before GC invocations=39 (full 5):
 PSYoungGen      total 278016K, used 215040K [0x00000007aab00000, 0x00000007c0000000, 0x00000007c0000000)
  eden space 215040K, 100% used [0x00000007aab00000,0x00000007b7d00000,0x00000007b7d00000)
  from space 62976K, 0% used [0x00000007b7d00000,0x00000007b7d00000,0x00000007bba80000)
  to   space 71168K, 0% used [0x00000007bba80000,0x00000007bba80000,0x00000007c0000000)
 ParOldGen       total 314368K, used 138394K [0x0000000780000000, 0x0000000793300000, 0x00000007aab00000)
  object space 314368K, 44% used [0x0000000780000000,0x0000000788726b48,0x0000000793300000)
 Metaspace       used 106194K, capacity 110422K, committed 110680K, reserved 1146880K
  class space    used 13123K, capacity 13924K, committed 13952K, reserved 1048576K
Event: 503.290 GC heap after
Heap after GC invocations=39 (full 5):
 PSYoungGen      total 251392K, used 51372K [0x00000007aab00000, 0x00000007c0000000, 0x00000007c0000000)
  eden space 180224K, 0% used [0x00000007aab00000,0x00000007aab00000,0x00000007b5b00000)
  from space 71168K, 72% used [0x00000007bba80000,0x00000007becab128,0x00000007c0000000)
  to   space 84480K, 0% used [0x00000007b5b00000,0x00000007b5b00000,0x00000007bad80000)
 ParOldGen       total 314368K, used 138394K [0x0000000780000000, 0x0000000793300000, 0x00000007aab00000)
  object space 314368K, 44% used [0x0000000780000000,0x0000000788726b48,0x0000000793300000)
 Metaspace       used 106194K, capacity 110422K, committed 110680K, reserved 1146880K
  class space    used 13123K, capacity 13924K, committed 13952K, reserved 1048576K
}
Event: 503.994 GC heap before
{Heap before GC invocations=40 (full 5):
 PSYoungGen      total 251392K, used 231596K [0x00000007aab00000, 0x00000007c0000000, 0x00000007c0000000)
  eden space 180224K, 100% used [0x00000007aab00000,0x00000007b5b00000,0x00000007b5b00000)
  from space 71168K, 72% used [0x00000007bba80000,0x00000007becab128,0x00000007c0000000)
  to   space 84480K, 0% used [0x00000007b5b00000,0x00000007b5b00000,0x00000007bad80000)
 ParOldGen       total 314368K, used 138394K [0x0000000780000000, 0x0000000793300000, 0x00000007aab00000)
  object space 314368K, 44% used [0x0000000780000000,0x0000000788726b48,0x0000000793300000)
 Metaspace       used 106216K, capacity 110428K, committed 110680K, reserved 1146880K
  class space    used 13124K, capacity 13925K, committed 13952K, reserved 1048576K
Event: 504.095 GC heap after
Heap after GC invocations=40 (full 5):
 PSYoungGen      total 264704K, used 84459K [0x00000007aab00000, 0x00000007c0000000, 0x00000007c0000000)
  eden space 180224K, 0% used [0x00000007aab00000,0x00000007aab00000,0x00000007b5b00000)
  from space 84480K, 99% used [0x00000007b5b00000,0x00000007bad7afa0,0x00000007bad80000)
  to   space 84480K, 0% used [0x00000007bad80000,0x00000007bad80000,0x00000007c0000000)
 ParOldGen       total 314368K, used 140400K [0x0000000780000000, 0x0000000793300000, 0x00000007aab00000)
  object space 314368K, 44% used [0x0000000780000000,0x000000078891c3a0,0x0000000793300000)
 Metaspace       used 106216K, capacity 110428K, committed 110680K, reserved 1146880K
  class space    used 13124K, capacity 13925K, committed 13952K, reserved 1048576K
}
Event: 505.363 GC heap before
{Heap before GC invocations=41 (full 5):
 PSYoungGen      total 264704K, used 264683K [0x00000007aab00000, 0x00000007c0000000, 0x00000007c0000000)
  eden space 180224K, 100% used [0x00000007aab00000,0x00000007b5b00000,0x00000007b5b00000)
  from space 84480K, 99% used [0x00000007b5b00000,0x00000007bad7afa0,0x00000007bad80000)
  to   space 84480K, 0% used [0x00000007bad80000,0x00000007bad80000,0x00000007c0000000)
 ParOldGen       total 314368K, used 140400K [0x0000000780000000, 0x0000000793300000, 0x00000007aab00000)
  object space 314368K, 44% used [0x0000000780000000,0x000000078891c3a0,0x0000000793300000)
 Metaspace       used 107057K, capacity 111498K, committed 111576K, reserved 1146880K
  class space    used 13230K, capacity 14066K, committed 14080K, reserved 1048576K

