# JRE version: OpenJDK Runtime Environment (8.0_152-b06) (build 1.8.0_152-release-1136-b06)
# Java VM: OpenJDK 64-Bit Server VM (25.152-b06 mixed mode bsd-amd64 compressed oops)
Heap:
 PSYoungGen      total 198144K, used 14035K [0x00000007a0000000, 0x00000007b0b80000, 0x00000007c0000000)
  eden space 152064K, 0% used [0x00000007a0000000,0x00000007a0000000,0x00000007a9480000)
  from space 46080K, 30% used [0x00000007a9480000,0x00000007aa234e68,0x00000007ac180000)
  to   space 46080K, 0% used [0x00000007ade80000,0x00000007ade80000,0x00000007b0b80000)
 ParOldGen       total 136192K, used 86558K [0x0000000760000000, 0x0000000768500000, 0x00000007a0000000)
  object space 136192K, 63% used [0x0000000760000000,0x00000007654878b8,0x0000000768500000)
 Metaspace       used 90370K, capacity 98148K, committed 98264K, reserved 1134592K
  class space    used 11481K, capacity 12972K, committed 13056K, reserved 1048576K
GC Heap History (10 events):
Event: 10599.100 GC heap after
Heap after GC invocations=50 (full 3):
 PSYoungGen      total 154112K, used 28650K [0x00000007a0000000, 0x00000007ad780000, 0x00000007c0000000)
  eden space 105984K, 0% used [0x00000007a0000000,0x00000007a0000000,0x00000007a6780000)
  from space 48128K, 59% used [0x00000007a6780000,0x00000007a837a9b0,0x00000007a9680000)
  to   space 46592K, 0% used [0x00000007aaa00000,0x00000007aaa00000,0x00000007ad780000)
 ParOldGen       total 136192K, used 70763K [0x0000000760000000, 0x0000000768500000, 0x00000007a0000000)
  object space 136192K, 51% used [0x0000000760000000,0x000000076451ae70,0x0000000768500000)
 Metaspace       used 88432K, capacity 95982K, committed 96216K, reserved 1132544K
  class space    used 11236K, capacity 12705K, committed 12800K, reserved 1048576K
}
Event: 10599.123 GC heap before
{Heap before GC invocations=51 (full 3):
 PSYoungGen      total 154112K, used 134618K [0x00000007a0000000, 0x00000007ad780000, 0x00000007c0000000)
  eden space 105984K, 99% used [0x00000007a0000000,0x00000007a677be68,0x00000007a6780000)
  from space 48128K, 59% used [0x00000007a6780000,0x00000007a837a9b0,0x00000007a9680000)
  to   space 46592K, 0% used [0x00000007aaa00000,0x00000007aaa00000,0x00000007ad780000)
 ParOldGen       total 136192K, used 70763K [0x0000000760000000, 0x0000000768500000, 0x00000007a0000000)
  object space 136192K, 51% used [0x0000000760000000,0x000000076451ae70,0x0000000768500000)
 Metaspace       used 88440K, capacity 95982K, committed 96216K, reserved 1132544K
  class space    used 11236K, capacity 12705K, committed 12800K, reserved 1048576K
Event: 10599.175 GC heap after
Heap after GC invocations=51 (full 3):
 PSYoungGen      total 173568K, used 14246K [0x00000007a0000000, 0x00000007ad980000, 0x00000007c0000000)
  eden space 126976K, 0% used [0x00000007a0000000,0x00000007a0000000,0x00000007a7c00000)
  from space 46592K, 30% used [0x00000007aaa00000,0x00000007ab7e9aa0,0x00000007ad780000)
  to   space 47104K, 0% used [0x00000007a7c00000,0x00000007a7c00000,0x00000007aaa00000)
 ParOldGen       total 136192K, used 85200K [0x0000000760000000, 0x0000000768500000, 0x00000007a0000000)
  object space 136192K, 62% used [0x0000000760000000,0x0000000765334160,0x0000000768500000)
 Metaspace       used 88440K, capacity 95982K, committed 96216K, reserved 1132544K
  class space    used 11236K, capacity 12705K, committed 12800K, reserved 1048576K
}
Event: 10600.480 GC heap before
{Heap before GC invocations=52 (full 3):
 PSYoungGen      total 173568K, used 141222K [0x00000007a0000000, 0x00000007ad980000, 0x00000007c0000000)
  eden space 126976K, 100% used [0x00000007a0000000,0x00000007a7c00000,0x00000007a7c00000)
  from space 46592K, 30% used [0x00000007aaa00000,0x00000007ab7e9aa0,0x00000007ad780000)
  to   space 47104K, 0% used [0x00000007a7c00000,0x00000007a7c00000,0x00000007aaa00000)
 ParOldGen       total 136192K, used 85200K [0x0000000760000000, 0x0000000768500000, 0x00000007a0000000)
  object space 136192K, 62% used [0x0000000760000000,0x0000000765334160,0x0000000768500000)
 Metaspace       used 88952K, capacity 96610K, committed 96728K, reserved 1132544K
  class space    used 11320K, capacity 12795K, committed 12800K, reserved 1048576K
Event: 10600.503 GC heap after
Heap after GC invocations=52 (full 3):
 PSYoungGen      total 174080K, used 15426K [0x00000007a0000000, 0x00000007af100000, 0x00000007c0000000)
  eden space 126976K, 0% used [0x00000007a0000000,0x00000007a0000000,0x00000007a7c00000)
  from space 47104K, 32% used [0x00000007a7c00000,0x00000007a8b10a88,0x00000007aaa00000)
  to   space 47104K, 0% used [0x00000007ac300000,0x00000007ac300000,0x00000007af100000)
 ParOldGen       total 136192K, used 85560K [0x0000000760000000, 0x0000000768500000, 0x00000007a0000000)
  object space 136192K, 62% used [0x0000000760000000,0x000000076538e1a0,0x0000000768500000)
 Metaspace       used 88952K, capacity 96610K, committed 96728K, reserved 1132544K
  class space    used 11320K, capacity 12795K, committed 12800K, reserved 1048576K
}
Event: 10601.537 GC heap before
{Heap before GC invocations=53 (full 3):
 PSYoungGen      total 174080K, used 142402K [0x00000007a0000000, 0x00000007af100000, 0x00000007c0000000)
  eden space 126976K, 100% used [0x00000007a0000000,0x00000007a7c00000,0x00000007a7c00000)
  from space 47104K, 32% used [0x00000007a7c00000,0x00000007a8b10a88,0x00000007aaa00000)
  to   space 47104K, 0% used [0x00000007ac300000,0x00000007ac300000,0x00000007af100000)
 ParOldGen       total 136192K, used 85560K [0x0000000760000000, 0x0000000768500000, 0x00000007a0000000)
  object space 136192K, 62% used [0x0000000760000000,0x000000076538e1a0,0x0000000768500000)
 Metaspace       used 90142K, capacity 97960K, committed 98264K, reserved 1134592K
  class space    used 11451K, capacity 12936K, committed 13056K, reserved 1048576K
Event: 10601.573 GC heap after
Heap after GC invocations=53 (full 3):
 PSYoungGen      total 196608K, used 16243K [0x00000007a0000000, 0x00000007aee80000, 0x00000007c0000000)
  eden space 152064K, 0% used [0x00000007a0000000,0x00000007a0000000,0x00000007a9480000)
  from space 44544K, 36% used [0x00000007ac300000,0x00000007ad2dcf78,0x00000007aee80000)
  to   space 46080K, 0% used [0x00000007a9480000,0x00000007a9480000,0x00000007ac180000)
 ParOldGen       total 136192K, used 85680K [0x0000000760000000, 0x0000000768500000, 0x00000007a0000000)
  object space 136192K, 62% used [0x0000000760000000,0x00000007653ac1a0,0x0000000768500000)
 Metaspace       used 90142K, capacity 97960K, committed 98264K, reserved 1134592K
  class space    used 11451K, capacity 12936K, committed 13056K, reserved 1048576K
}
Event: 10601.681 GC heap before
{Heap before GC invocations=54 (full 3):
 PSYoungGen      total 196608K, used 24761K [0x00000007a0000000, 0x00000007aee80000, 0x00000007c0000000)
  eden space 152064K, 5% used [0x00000007a0000000,0x00000007a08516b0,0x00000007a9480000)
  from space 44544K, 36% used [0x00000007ac300000,0x00000007ad2dcf78,0x00000007aee80000)
  to   space 46080K, 0% used [0x00000007a9480000,0x00000007a9480000,0x00000007ac180000)
 ParOldGen       total 136192K, used 85680K [0x0000000760000000, 0x0000000768500000, 0x00000007a0000000)
  object space 136192K, 62% used [0x0000000760000000,0x00000007653ac1a0,0x0000000768500000)
 Metaspace       used 90370K, capacity 98148K, committed 98264K, reserved 1134592K
  class space    used 11481K, capacity 12972K, committed 13056K, reserved 1048576K
Event: 10601.702 GC heap after
Heap after GC invocations=54 (full 3):
 PSYoungGen      total 198144K, used 14035K [0x00000007a0000000, 0x00000007b0b80000, 0x00000007c0000000)
  eden space 152064K, 0% used [0x00000007a0000000,0x00000007a0000000,0x00000007a9480000)
  from space 46080K, 30% used [0x00000007a9480000,0x00000007aa234e68,0x00000007ac180000)
  to   space 46080K, 0% used [0x00000007ade80000,0x00000007ade80000,0x00000007b0b80000)
 ParOldGen       total 136192K, used 86558K [0x0000000760000000, 0x0000000768500000, 0x00000007a0000000)
  object space 136192K, 63% used [0x0000000760000000,0x00000007654878b8,0x0000000768500000)
 Metaspace       used 90370K, capacity 98148K, committed 98264K, reserved 1134592K
  class space    used 11481K, capacity 12972K, committed 13056K, reserved 1048576K
}
Event: 10601.702 GC heap before
{Heap before GC invocations=55 (full 4):
 PSYoungGen      total 198144K, used 14035K [0x00000007a0000000, 0x00000007b0b80000, 0x00000007c0000000)
  eden space 152064K, 0% used [0x00000007a0000000,0x00000007a0000000,0x00000007a9480000)
  from space 46080K, 30% used [0x00000007a9480000,0x00000007aa234e68,0x00000007ac180000)
  to   space 46080K, 0% used [0x00000007ade80000,0x00000007ade80000,0x00000007b0b80000)
 ParOldGen       total 136192K, used 86558K [0x0000000760000000, 0x0000000768500000, 0x00000007a0000000)
  object space 136192K, 63% used [0x0000000760000000,0x00000007654878b8,0x0000000768500000)
 Metaspace       used 90370K, capacity 98148K, committed 98264K, reserved 1134592K
  class space    used 11481K, capacity 12972K, committed 13056K, reserved 1048576K

