# JRE version: OpenJDK Runtime Environment (8.0_152-b01) (build 1.8.0_152-release-1343-b01)
# Java VM: OpenJDK 64-Bit Server VM (25.152-b01 mixed mode bsd-amd64 compressed oops)
Heap:
 PSYoungGen      total 377856K, used 114899K [0x00000007a0000000, 0x00000007bec00000, 0x00000007c0000000)
  eden space 252416K, 31% used [0x00000007a0000000,0x00000007a4d22a80,0x00000007af680000)
  from space 125440K, 28% used [0x00000007af680000,0x00000007b1992318,0x00000007b7100000)
  to   space 117248K, 0% used [0x00000007b7980000,0x00000007b7980000,0x00000007bec00000)
 ParOldGen       total 282112K, used 256726K [0x0000000760000000, 0x0000000771380000, 0x00000007a0000000)
  object space 282112K, 91% used [0x0000000760000000,0x000000076fab5b20,0x0000000771380000)
 Metaspace       used 122741K, capacity 130094K, committed 130344K, reserved 1163264K
  class space    used 14865K, capacity 16382K, committed 16432K, reserved 1048576K
GC Heap History (10 events):
Event: 16985.570 GC heap before
{Heap before GC invocations=53 (full 4):
 PSYoungGen      total 383488K, used 251472K [0x00000007a0000000, 0x00000007c0000000, 0x00000007c0000000)
  eden space 241152K, 100% used [0x00000007a0000000,0x00000007aeb80000,0x00000007aeb80000)
  from space 142336K, 7% used [0x00000007b7500000,0x00000007b7f14060,0x00000007c0000000)
  to   space 140800K, 0% used [0x00000007aeb80000,0x00000007aeb80000,0x00000007b7500000)
 ParOldGen       total 282112K, used 245589K [0x0000000760000000, 0x0000000771380000, 0x00000007a0000000)
  object space 282112K, 87% used [0x0000000760000000,0x000000076efd54c8,0x0000000771380000)
 Metaspace       used 118774K, capacity 125702K, committed 125992K, reserved 1159168K
  class space    used 14451K, capacity 15875K, committed 15920K, reserved 1048576K
Event: 16985.578 GC heap after
Heap after GC invocations=53 (full 4):
 PSYoungGen      total 247296K, used 5857K [0x00000007a0000000, 0x00000007bfb80000, 0x00000007c0000000)
  eden space 241152K, 0% used [0x00000007a0000000,0x00000007a0000000,0x00000007aeb80000)
  from space 6144K, 95% used [0x00000007aeb80000,0x00000007af138650,0x00000007af180000)
  to   space 139264K, 0% used [0x00000007b7380000,0x00000007b7380000,0x00000007bfb80000)
 ParOldGen       total 282112K, used 245981K [0x0000000760000000, 0x0000000771380000, 0x00000007a0000000)
  object space 282112K, 87% used [0x0000000760000000,0x000000076f0374f8,0x0000000771380000)
 Metaspace       used 118774K, capacity 125702K, committed 125992K, reserved 1159168K
  class space    used 14451K, capacity 15875K, committed 15920K, reserved 1048576K
}
Event: 22257.038 GC heap before
{Heap before GC invocations=54 (full 4):
 PSYoungGen      total 247296K, used 247009K [0x00000007a0000000, 0x00000007bfb80000, 0x00000007c0000000)
  eden space 241152K, 100% used [0x00000007a0000000,0x00000007aeb80000,0x00000007aeb80000)
  from space 6144K, 95% used [0x00000007aeb80000,0x00000007af138650,0x00000007af180000)
  to   space 139264K, 0% used [0x00000007b7380000,0x00000007b7380000,0x00000007bfb80000)
 ParOldGen       total 282112K, used 245981K [0x0000000760000000, 0x0000000771380000, 0x00000007a0000000)
  object space 282112K, 87% used [0x0000000760000000,0x000000076f0374f8,0x0000000771380000)
 Metaspace       used 119867K, capacity 126922K, committed 127272K, reserved 1161216K
  class space    used 14601K, capacity 16080K, committed 16176K, reserved 1048576K
Event: 22257.278 GC heap after
Heap after GC invocations=54 (full 4):
 PSYoungGen      total 382976K, used 6453K [0x00000007a0000000, 0x00000007c0000000, 0x00000007c0000000)
  eden space 243712K, 0% used [0x00000007a0000000,0x00000007a0000000,0x00000007aee00000)
  from space 139264K, 4% used [0x00000007b7380000,0x00000007b79cd710,0x00000007bfb80000)
  to   space 136704K, 0% used [0x00000007aee00000,0x00000007aee00000,0x00000007b7380000)
 ParOldGen       total 282112K, used 246133K [0x0000000760000000, 0x0000000771380000, 0x00000007a0000000)
  object space 282112K, 87% used [0x0000000760000000,0x000000076f05d508,0x0000000771380000)
 Metaspace       used 119867K, capacity 126922K, committed 127272K, reserved 1161216K
  class space    used 14601K, capacity 16080K, committed 16176K, reserved 1048576K
}
Event: 22259.374 GC heap before
{Heap before GC invocations=55 (full 4):
 PSYoungGen      total 382976K, used 250165K [0x00000007a0000000, 0x00000007c0000000, 0x00000007c0000000)
  eden space 243712K, 100% used [0x00000007a0000000,0x00000007aee00000,0x00000007aee00000)
  from space 139264K, 4% used [0x00000007b7380000,0x00000007b79cd710,0x00000007bfb80000)
  to   space 136704K, 0% used [0x00000007aee00000,0x00000007aee00000,0x00000007b7380000)
 ParOldGen       total 282112K, used 246133K [0x0000000760000000, 0x0000000771380000, 0x00000007a0000000)
  object space 282112K, 87% used [0x0000000760000000,0x000000076f05d508,0x0000000771380000)
 Metaspace       used 119880K, capacity 126926K, committed 127272K, reserved 1161216K
  class space    used 14602K, capacity 16080K, committed 16176K, reserved 1048576K
Event: 22259.501 GC heap after
Heap after GC invocations=55 (full 4):
 PSYoungGen      total 271360K, used 27163K [0x00000007a0000000, 0x00000007bef80000, 0x00000007c0000000)
  eden space 243712K, 0% used [0x00000007a0000000,0x00000007a0000000,0x00000007aee00000)
  from space 27648K, 98% used [0x00000007aee00000,0x00000007b0886e50,0x00000007b0900000)
  to   space 129536K, 0% used [0x00000007b7100000,0x00000007b7100000,0x00000007bef80000)
 ParOldGen       total 282112K, used 251054K [0x0000000760000000, 0x0000000771380000, 0x00000007a0000000)
  object space 282112K, 88% used [0x0000000760000000,0x000000076f52b860,0x0000000771380000)
 Metaspace       used 119880K, capacity 126926K, committed 127272K, reserved 1161216K
  class space    used 14602K, capacity 16080K, committed 16176K, reserved 1048576K
}
Event: 22379.556 GC heap before
{Heap before GC invocations=56 (full 4):
 PSYoungGen      total 271360K, used 270875K [0x00000007a0000000, 0x00000007bef80000, 0x00000007c0000000)
  eden space 243712K, 100% used [0x00000007a0000000,0x00000007aee00000,0x00000007aee00000)
  from space 27648K, 98% used [0x00000007aee00000,0x00000007b0886e50,0x00000007b0900000)
  to   space 129536K, 0% used [0x00000007b7100000,0x00000007b7100000,0x00000007bef80000)
 ParOldGen       total 282112K, used 251054K [0x0000000760000000, 0x0000000771380000, 0x00000007a0000000)
  object space 282112K, 88% used [0x0000000760000000,0x000000076f52b860,0x0000000771380000)
 Metaspace       used 120275K, capacity 127614K, committed 127784K, reserved 1161216K
  class space    used 14641K, capacity 16150K, committed 16176K, reserved 1048576K
Event: 22379.590 GC heap after
Heap after GC invocations=56 (full 4):
 PSYoungGen      total 381952K, used 10452K [0x00000007a0000000, 0x00000007c0000000, 0x00000007c0000000)
  eden space 252416K, 0% used [0x00000007a0000000,0x00000007a0000000,0x00000007af680000)
  from space 129536K, 8% used [0x00000007b7100000,0x00000007b7b352d0,0x00000007bef80000)
  to   space 125440K, 0% used [0x00000007af680000,0x00000007af680000,0x00000007b7100000)
 ParOldGen       total 282112K, used 252066K [0x0000000760000000, 0x0000000771380000, 0x00000007a0000000)
  object space 282112K, 89% used [0x0000000760000000,0x000000076f628890,0x0000000771380000)
 Metaspace       used 120275K, capacity 127614K, committed 127784K, reserved 1161216K
  class space    used 14641K, capacity 16150K, committed 16176K, reserved 1048576K
}
Event: 22384.135 GC heap before
{Heap before GC invocations=57 (full 4):
 PSYoungGen      total 381952K, used 262868K [0x00000007a0000000, 0x00000007c0000000, 0x00000007c0000000)
  eden space 252416K, 100% used [0x00000007a0000000,0x00000007af680000,0x00000007af680000)
  from space 129536K, 8% used [0x00000007b7100000,0x00000007b7b352d0,0x00000007bef80000)
  to   space 125440K, 0% used [0x00000007af680000,0x00000007af680000,0x00000007b7100000)
 ParOldGen       total 282112K, used 252066K [0x0000000760000000, 0x0000000771380000, 0x00000007a0000000)
  object space 282112K, 89% used [0x0000000760000000,0x000000076f628890,0x0000000771380000)
 Metaspace       used 122674K, capacity 130030K, committed 130088K, reserved 1163264K
  class space    used 14865K, capacity 16382K, committed 16432K, reserved 1048576K
Event: 22384.270 GC heap after
Heap after GC invocations=57 (full 4):
 PSYoungGen      total 377856K, used 35912K [0x00000007a0000000, 0x00000007bec00000, 0x00000007c0000000)
  eden space 252416K, 0% used [0x00000007a0000000,0x00000007a0000000,0x00000007af680000)
  from space 125440K, 28% used [0x00000007af680000,0x00000007b1992318,0x00000007b7100000)
  to   space 117248K, 0% used [0x00000007b7980000,0x00000007b7980000,0x00000007bec00000)
 ParOldGen       total 282112K, used 256726K [0x0000000760000000, 0x0000000771380000, 0x00000007a0000000)
  object space 282112K, 91% used [0x0000000760000000,0x000000076fab5b20,0x0000000771380000)
 Metaspace       used 122674K, capacity 130030K, committed 130088K, reserved 1163264K
  class space    used 14865K, capacity 16382K, committed 16432K, reserved 1048576K
}

